<?xml version="1.0" encoding="UTF-8" ?>

<testsuite failures="0" time="0.052" errors="0" skipped="0" tests="3" name="BasicTest">
  <testcase classname="BasicTest" name="aVeryImportantThingToTest" time="0">
      </testcase>
  <testcase classname="BasicTest" name="tryConnectAsUser" time="0.041">
      </testcase>
  <testcase classname="BasicTest" name="createAndRetrieveUser" time="0.011">
      </testcase>
</testsuite>