<?xml version="1.0" encoding="UTF-8" ?>

<testsuite failures="0" time="0.137" errors="0" skipped="0" tests="2" name="ApplicationTest">
  <testcase classname="ApplicationTest" name="setUpCountry" time="0">
      </testcase>
  <testcase classname="ApplicationTest" name="testThatIndexPageWorks" time="0.137">
      </testcase>
</testsuite>