<?xml version="1.0" encoding="UTF-8" ?>

<testsuite failures="0" time="0.598" errors="0" skipped="0" tests="2" name="CountriesTest">
  <testcase classname="CountriesTest" name="countryCreateAndRetrieve" time="0.297">
      </testcase>
  <testcase classname="CountriesTest" name="cityCreateAndRetrieve" time="0.301">
      </testcase>
</testsuite>